<?xml version="1.0" encoding="UTF-8"?>
<!-- Generated by org.testng.reporters.JUnitXMLReporter -->
<testsuite ignored="0" hostname="DESKTOP-I169IE1" failures="0" tests="3" name="DemoBlazeTest" time="14.49" errors="0" timestamp="03 Apr 2023 13:42:41 GMT">
  <testcase classname="com.DemoBlaze.Automation.Test.TestLoginPage" name="testPageTitle" time="0.011"/>
  <testcase classname="com.DemoBlaze.Automation.Test.TestLogOutPage" name="testUserLogOut" time="4.946"/>
  <testcase classname="com.DemoBlaze.Automation.Test.TestLoginPage" name="loginTest" time="0.969"/>
</testsuite> <!-- DemoBlazeTest -->
