<?xml version="1.0" encoding="UTF-8"?>
<testng-results ignored="0" total="2" passed="2" failed="0" skipped="0">
  <reporter-output>
  </reporter-output>
  <suite started-at="2023-04-02T18:24:17Z" name="DemoBlazeSuite" finished-at="2023-04-02T18:24:31Z" duration-ms="14568">
    <groups>
    </groups>
    <test started-at="2023-04-02T18:24:17Z" name="DemoBlazeTest" finished-at="2023-04-02T18:24:31Z" duration-ms="14568">
      <class name="com.DemoBlaze.Automation.Test.TestLoginPage">
        <test-method is-config="true" signature="startTesting()[pri:0, instance:com.DemoBlaze.Automation.Test.TestLoginPage@3541cb24]" started-at="2023-04-02T18:24:17Z" name="startTesting" finished-at="2023-04-02T18:24:24Z" duration-ms="6915" status="PASS">
          <reporter-output>
          </reporter-output>
        </test-method> <!-- startTesting -->
        <test-method signature="testPageTitle()[pri:1, instance:com.DemoBlaze.Automation.Test.TestLoginPage@3541cb24]" started-at="2023-04-02T18:24:24Z" name="testPageTitle" finished-at="2023-04-02T18:24:24Z" duration-ms="12" status="PASS">
          <reporter-output>
          </reporter-output>
        </test-method> <!-- testPageTitle -->
        <test-method is-config="true" signature="terminate()[pri:0, instance:com.DemoBlaze.Automation.Test.TestLoginPage@3541cb24]" started-at="2023-04-02T18:24:24Z" name="terminate" finished-at="2023-04-02T18:24:25Z" duration-ms="765" status="PASS">
          <reporter-output>
          </reporter-output>
        </test-method> <!-- terminate -->
        <test-method is-config="true" signature="startTesting()[pri:0, instance:com.DemoBlaze.Automation.Test.TestLoginPage@3541cb24]" started-at="2023-04-02T18:24:25Z" name="startTesting" finished-at="2023-04-02T18:24:29Z" duration-ms="4487" status="PASS">
          <reporter-output>
          </reporter-output>
        </test-method> <!-- startTesting -->
        <test-method signature="loginTest()[pri:2, instance:com.DemoBlaze.Automation.Test.TestLoginPage@3541cb24]" started-at="2023-04-02T18:24:29Z" name="loginTest" finished-at="2023-04-02T18:24:31Z" duration-ms="1566" status="PASS">
          <reporter-output>
          </reporter-output>
        </test-method> <!-- loginTest -->
        <test-method is-config="true" signature="terminate()[pri:0, instance:com.DemoBlaze.Automation.Test.TestLoginPage@3541cb24]" started-at="2023-04-02T18:24:31Z" name="terminate" finished-at="2023-04-02T18:24:31Z" duration-ms="782" status="PASS">
          <reporter-output>
          </reporter-output>
        </test-method> <!-- terminate -->
      </class> <!-- com.DemoBlaze.Automation.Test.TestLoginPage -->
    </test> <!-- DemoBlazeTest -->
  </suite> <!-- DemoBlazeSuite -->
</testng-results>
