<?xml version="1.0" encoding="UTF-8"?>
<testsuite xmlns:xsi="http://www.w3.org/2001/XMLSchema-instance" xsi:noNamespaceSchemaLocation="https://maven.apache.org/surefire/maven-surefire-plugin/xsd/surefire-test-report.xsd" name="TestSuite" time="15.445" tests="2" errors="0" skipped="0" failures="0">
  <properties>
[...]
</properties>
  <testcase name="testPageTitle" classname="com.DemoBlaze.Automation.Test.TestLoginPage" time="0.013"/>
  <testcase name="loginTest" classname="com.DemoBlaze.Automation.Test.TestLoginPage" time="1.566"/>
</testsuite>